mode: atomic
github.com/DockRouter/dockrouter/internal/middleware/accesslog.go:10.48,11.71 1 1
github.com/DockRouter/dockrouter/internal/middleware/accesslog.go:11.71,25.3 6 1
github.com/DockRouter/dockrouter/internal/middleware/accesslog.go:33.50,36.2 2 1
github.com/DockRouter/dockrouter/internal/middleware/basicauth.go:10.52,11.46 1 1
github.com/DockRouter/dockrouter/internal/middleware/basicauth.go:11.46,12.72 1 1
github.com/DockRouter/dockrouter/internal/middleware/basicauth.go:12.72,14.11 2 4
github.com/DockRouter/dockrouter/internal/middleware/basicauth.go:14.11,17.5 2 1
github.com/DockRouter/dockrouter/internal/middleware/basicauth.go:19.4,20.15 2 3
github.com/DockRouter/dockrouter/internal/middleware/basicauth.go:20.15,23.5 2 1
github.com/DockRouter/dockrouter/internal/middleware/basicauth.go:25.4,25.75 1 2
github.com/DockRouter/dockrouter/internal/middleware/basicauth.go:25.75,28.5 2 1
github.com/DockRouter/dockrouter/internal/middleware/basicauth.go:30.4,30.24 1 1
github.com/DockRouter/dockrouter/internal/middleware/basicauth.go:35.42,38.2 2 3
github.com/DockRouter/dockrouter/internal/middleware/chain.go:10.50,11.47 1 1
github.com/DockRouter/dockrouter/internal/middleware/chain.go:11.47,12.46 1 1
github.com/DockRouter/dockrouter/internal/middleware/chain.go:12.46,14.4 1 2
github.com/DockRouter/dockrouter/internal/middleware/chain.go:15.3,15.15 1 1
github.com/DockRouter/dockrouter/internal/middleware/circuitbreaker.go:29.77,35.2 1 2
github.com/DockRouter/dockrouter/internal/middleware/circuitbreaker.go:38.51,39.46 1 1
github.com/DockRouter/dockrouter/internal/middleware/circuitbreaker.go:39.46,40.72 1 1
github.com/DockRouter/dockrouter/internal/middleware/circuitbreaker.go:40.72,41.19 1 1
github.com/DockRouter/dockrouter/internal/middleware/circuitbreaker.go:41.19,44.5 2 0
github.com/DockRouter/dockrouter/internal/middleware/circuitbreaker.go:46.4,46.24 1 1
github.com/DockRouter/dockrouter/internal/middleware/circuitbreaker.go:51.40,55.18 3 1
github.com/DockRouter/dockrouter/internal/middleware/circuitbreaker.go:56.19,57.14 1 1
github.com/DockRouter/dockrouter/internal/middleware/circuitbreaker.go:58.17,59.48 1 0
github.com/DockRouter/dockrouter/internal/middleware/circuitbreaker.go:60.21,61.14 1 0
github.com/DockRouter/dockrouter/internal/middleware/circuitbreaker.go:63.2,63.14 1 0
github.com/DockRouter/dockrouter/internal/middleware/compress.go:11.47,12.71 1 2
github.com/DockRouter/dockrouter/internal/middleware/compress.go:12.71,14.65 1 2
github.com/DockRouter/dockrouter/internal/middleware/compress.go:14.65,17.4 2 1
github.com/DockRouter/dockrouter/internal/middleware/compress.go:22.3,27.29 5 1
github.com/DockRouter/dockrouter/internal/middleware/compress.go:36.59,38.2 1 1
github.com/DockRouter/dockrouter/internal/middleware/cors.go:18.41,19.46 1 4
github.com/DockRouter/dockrouter/internal/middleware/cors.go:19.46,20.72 1 4
github.com/DockRouter/dockrouter/internal/middleware/cors.go:20.72,22.20 2 5
github.com/DockRouter/dockrouter/internal/middleware/cors.go:22.20,25.5 2 1
github.com/DockRouter/dockrouter/internal/middleware/cors.go:28.4,29.37 2 4
github.com/DockRouter/dockrouter/internal/middleware/cors.go:29.37,30.32 1 4
github.com/DockRouter/dockrouter/internal/middleware/cors.go:30.32,32.11 2 3
github.com/DockRouter/dockrouter/internal/middleware/cors.go:36.4,36.15 1 4
github.com/DockRouter/dockrouter/internal/middleware/cors.go:36.15,38.27 2 3
github.com/DockRouter/dockrouter/internal/middleware/cors.go:38.27,40.6 1 0
github.com/DockRouter/dockrouter/internal/middleware/cors.go:41.5,41.32 1 3
github.com/DockRouter/dockrouter/internal/middleware/cors.go:41.32,43.6 1 3
github.com/DockRouter/dockrouter/internal/middleware/cors.go:44.5,44.32 1 3
github.com/DockRouter/dockrouter/internal/middleware/cors.go:44.32,46.6 1 1
github.com/DockRouter/dockrouter/internal/middleware/cors.go:50.4,50.38 1 4
github.com/DockRouter/dockrouter/internal/middleware/cors.go:50.38,53.5 2 1
github.com/DockRouter/dockrouter/internal/middleware/cors.go:55.4,55.24 1 3
github.com/DockRouter/dockrouter/internal/middleware/headers.go:7.52,8.46 1 2
github.com/DockRouter/dockrouter/internal/middleware/headers.go:8.46,9.72 1 2
github.com/DockRouter/dockrouter/internal/middleware/headers.go:9.72,10.36 1 2
github.com/DockRouter/dockrouter/internal/middleware/headers.go:10.36,12.5 1 4
github.com/DockRouter/dockrouter/internal/middleware/headers.go:13.4,13.24 1 2
github.com/DockRouter/dockrouter/internal/middleware/ipfilter.go:16.30,18.2 1 3
github.com/DockRouter/dockrouter/internal/middleware/ipfilter.go:21.52,23.16 2 1
github.com/DockRouter/dockrouter/internal/middleware/ipfilter.go:23.16,25.3 1 0
github.com/DockRouter/dockrouter/internal/middleware/ipfilter.go:26.2,27.12 2 1
github.com/DockRouter/dockrouter/internal/middleware/ipfilter.go:31.52,33.16 2 1
github.com/DockRouter/dockrouter/internal/middleware/ipfilter.go:33.16,35.3 1 1
github.com/DockRouter/dockrouter/internal/middleware/ipfilter.go:36.2,37.12 2 0
github.com/DockRouter/dockrouter/internal/middleware/ipfilter.go:41.44,42.46 1 2
github.com/DockRouter/dockrouter/internal/middleware/ipfilter.go:42.46,43.72 1 2
github.com/DockRouter/dockrouter/internal/middleware/ipfilter.go:43.72,47.40 2 3
github.com/DockRouter/dockrouter/internal/middleware/ipfilter.go:47.40,48.29 1 0
github.com/DockRouter/dockrouter/internal/middleware/ipfilter.go:48.29,51.6 2 0
github.com/DockRouter/dockrouter/internal/middleware/ipfilter.go:55.4,55.28 1 3
github.com/DockRouter/dockrouter/internal/middleware/ipfilter.go:55.28,57.41 2 2
github.com/DockRouter/dockrouter/internal/middleware/ipfilter.go:57.41,58.30 1 2
github.com/DockRouter/dockrouter/internal/middleware/ipfilter.go:58.30,60.12 2 1
github.com/DockRouter/dockrouter/internal/middleware/ipfilter.go:63.5,63.17 1 2
github.com/DockRouter/dockrouter/internal/middleware/ipfilter.go:63.17,66.6 2 1
github.com/DockRouter/dockrouter/internal/middleware/ipfilter.go:69.4,69.24 1 2
github.com/DockRouter/dockrouter/internal/middleware/ipfilter.go:74.40,77.2 2 3
github.com/DockRouter/dockrouter/internal/middleware/maxbody.go:7.41,8.46 1 1
github.com/DockRouter/dockrouter/internal/middleware/maxbody.go:8.46,9.72 1 1
github.com/DockRouter/dockrouter/internal/middleware/maxbody.go:9.72,12.4 2 1
github.com/DockRouter/dockrouter/internal/middleware/pathmod.go:7.44,8.46 1 2
github.com/DockRouter/dockrouter/internal/middleware/pathmod.go:8.46,9.72 1 2
github.com/DockRouter/dockrouter/internal/middleware/pathmod.go:9.72,11.24 2 2
github.com/DockRouter/dockrouter/internal/middleware/pathmod.go:11.24,13.5 1 0
github.com/DockRouter/dockrouter/internal/middleware/pathmod.go:14.4,14.24 1 2
github.com/DockRouter/dockrouter/internal/middleware/pathmod.go:20.42,21.46 1 2
github.com/DockRouter/dockrouter/internal/middleware/pathmod.go:21.46,22.72 1 2
github.com/DockRouter/dockrouter/internal/middleware/pathmod.go:22.72,25.4 2 2
github.com/DockRouter/dockrouter/internal/middleware/ratelimit.go:24.61,31.2 1 2
github.com/DockRouter/dockrouter/internal/middleware/ratelimit.go:34.48,35.46 1 1
github.com/DockRouter/dockrouter/internal/middleware/ratelimit.go:35.46,36.72 1 1
github.com/DockRouter/dockrouter/internal/middleware/ratelimit.go:36.72,39.22 2 2
github.com/DockRouter/dockrouter/internal/middleware/ratelimit.go:39.22,45.5 5 0
github.com/DockRouter/dockrouter/internal/middleware/ratelimit.go:47.4,47.24 1 2
github.com/DockRouter/dockrouter/internal/middleware/ratelimit.go:52.47,55.2 1 2
github.com/DockRouter/dockrouter/internal/middleware/ratelimit.go:57.29,59.12 1 0
github.com/DockRouter/dockrouter/internal/middleware/ratelimit.go:59.12,61.3 1 0
github.com/DockRouter/dockrouter/internal/middleware/ratelimit.go:62.2,63.12 2 0
github.com/DockRouter/dockrouter/internal/middleware/ratelimit.go:63.12,66.3 2 0
github.com/DockRouter/dockrouter/internal/middleware/ratelimit.go:67.2,67.18 1 0
github.com/DockRouter/dockrouter/internal/middleware/recovery.go:11.47,12.71 1 2
github.com/DockRouter/dockrouter/internal/middleware/recovery.go:12.71,13.16 1 2
github.com/DockRouter/dockrouter/internal/middleware/recovery.go:13.16,14.36 1 2
github.com/DockRouter/dockrouter/internal/middleware/recovery.go:14.36,22.5 5 1
github.com/DockRouter/dockrouter/internal/middleware/recovery.go:24.3,24.23 1 2
github.com/DockRouter/dockrouter/internal/middleware/redirect.go:7.52,8.71 1 2
github.com/DockRouter/dockrouter/internal/middleware/redirect.go:8.71,10.78 1 2
github.com/DockRouter/dockrouter/internal/middleware/redirect.go:10.78,13.4 2 0
github.com/DockRouter/dockrouter/internal/middleware/redirect.go:15.3,16.27 2 2
github.com/DockRouter/dockrouter/internal/middleware/redirect.go:16.27,18.4 1 2
github.com/DockRouter/dockrouter/internal/middleware/redirect.go:19.3,19.59 1 2
github.com/DockRouter/dockrouter/internal/middleware/requestid.go:14.48,15.71 1 3
github.com/DockRouter/dockrouter/internal/middleware/requestid.go:15.71,18.15 2 3
github.com/DockRouter/dockrouter/internal/middleware/requestid.go:18.15,21.4 2 2
github.com/DockRouter/dockrouter/internal/middleware/requestid.go:22.3,23.23 2 3
github.com/DockRouter/dockrouter/internal/middleware/requestid.go:27.26,31.2 3 2
github.com/DockRouter/dockrouter/internal/middleware/retry.go:7.39,8.46 1 1
github.com/DockRouter/dockrouter/internal/middleware/retry.go:8.46,9.72 1 1
github.com/DockRouter/dockrouter/internal/middleware/retry.go:9.72,12.4 1 1
github.com/DockRouter/dockrouter/internal/middleware/security.go:7.54,8.71 1 2
github.com/DockRouter/dockrouter/internal/middleware/security.go:8.71,14.30 5 2
github.com/DockRouter/dockrouter/internal/middleware/security.go:14.30,16.4 1 0
github.com/DockRouter/dockrouter/internal/middleware/security.go:17.3,17.23 1 2
